[2026-04-01T11:20:41.662Z] GET http://localhost:8080/ → 200 (2ms, 1153B)
[2026-04-01T11:20:41.667Z] GET http://localhost:8080/css/main.css → 200 (1ms, 8442B)
[2026-04-01T11:20:41.667Z] GET http://localhost:8080/js/app.js → 200 (3ms, 5978B)
[2026-04-01T11:20:41.667Z] GET http://localhost:8080/js/store.js → 200 (2ms, 2105B)
[2026-04-01T11:20:41.667Z] GET http://localhost:8080/js/games.js → 200 (3ms, 2483B)
[2026-04-01T11:20:41.667Z] GET http://localhost:8080/js/game-engine.js → 200 (4ms, 5820B)
[2026-04-01T11:20:41.667Z] GET http://localhost:8080/games/shop-game.js → 200 (2ms, 1099B)
[2026-04-01T11:20:41.667Z] GET http://localhost:8080/games/plant-game.js → 200 (4ms, 993B)
[2026-04-01T11:20:41.667Z] GET http://localhost:8080/games/sound-game.js → 200 (4ms, 1130B)
[2026-04-01T11:20:41.668Z] GET http://localhost:8080/games/color-game.js → 200 (3ms, 1265B)
[2026-04-01T11:20:41.668Z] GET http://localhost:8080/games/people-game.js → 200 (3ms, 1180B)
[2026-04-01T11:20:41.668Z] GET http://localhost:8080/components/badge-card.js → 200 (4ms, 388B)
[2026-04-01T11:22:19.872Z] GET http://localhost:8080/ → 200 (1ms, 1139B)
[2026-04-01T11:22:19.876Z] GET http://localhost:8080/css/main.css → 200 (?ms, 8442B)
[2026-04-01T11:22:19.876Z] GET http://localhost:8080/js/store.js → 200 (?ms, 2105B)
[2026-04-01T11:22:19.876Z] GET http://localhost:8080/js/games.js → 200 (?ms, 2483B)
[2026-04-01T11:22:19.876Z] GET http://localhost:8080/js/game-engine.js → 200 (?ms, 5820B)
[2026-04-01T11:22:19.877Z] GET http://localhost:8080/games/shop-game.js → 200 (?ms, 1099B)
[2026-04-01T11:22:19.877Z] GET http://localhost:8080/games/plant-game.js → 200 (?ms, 993B)
[2026-04-01T11:22:19.877Z] GET http://localhost:8080/games/sound-game.js → 200 (?ms, 1130B)
[2026-04-01T11:22:19.877Z] GET http://localhost:8080/games/color-game.js → 200 (?ms, 1265B)
[2026-04-01T11:22:19.877Z] GET http://localhost:8080/games/people-game.js → 200 (?ms, 1180B)
[2026-04-01T11:22:19.877Z] GET http://localhost:8080/components/badge-card.js → 200 (?ms, 388B)
[2026-04-01T11:22:19.877Z] GET http://localhost:8080/js/app.js → 200 (?ms, 5978B)
